[    0.000000] Initializing cgroup subsys cpuset
[    0.000000] Initializing cgroup subsys cpu
[    0.000000] Initializing cgroup subsys cpuacct
[    0.000000] Linux version 4.4.0-97-generic (buildd@lcy01-33) (gcc version 5.4.0 20160609 (Ubuntu 5.4.0-6ubuntu1~16.04.4) ) #120-Ubuntu SMP Tue Sep 19 17:28:18 UTC 2017 (Ubuntu 4.4.0-97.120-generic 4.4.87)
[    0.000000] Command line: BOOT_IMAGE=/boot/vmlinuz-4.4.0-97-generic root=LABEL=cloudimg-rootfs ro console=tty1 console=ttyS0
[    0.000000] KERNEL supported cpus:
[    0.000000]   Intel GenuineIntel
[    0.000000]   AMD AuthenticAMD
[    0.000000]   Centaur CentaurHauls
[    0.000000] x86/fpu: xstate_offset[2]:  576, xstate_sizes[2]:  256
[    0.000000] x86/fpu: Supporting XSAVE feature 0x01: 'x87 floating point registers'
[    0.000000] x86/fpu: Supporting XSAVE feature 0x02: 'SSE registers'
[    0.000000] x86/fpu: Supporting XSAVE feature 0x04: 'AVX registers'
[    0.000000] x86/fpu: Enabled xstate features 0x7, context size is 832 bytes, using 'standard' format.
[    0.000000] x86/fpu: Using 'lazy' FPU context switches.
[    0.000000] e820: BIOS-provided physical RAM map:
[    0.000000] BIOS-e820: [mem 0x0000000000000000-0x000000000009fbff] usable
[    0.000000] BIOS-e820: [mem 0x000000000009fc00-0x000000000009ffff] reserved
[    0.000000] BIOS-e820: [mem 0x00000000000f0000-0x00000000000fffff] reserved
[    0.000000] BIOS-e820: [mem 0x0000000000100000-0x000000003ffeffff] usable
[    0.000000] BIOS-e820: [mem 0x000000003fff0000-0x000000003fffffff] ACPI data
[    0.000000] BIOS-e820: [mem 0x00000000fec00000-0x00000000fec00fff] reserved
[    0.000000] BIOS-e820: [mem 0x00000000fee00000-0x00000000fee00fff] reserved
[    0.000000] BIOS-e820: [mem 0x00000000fffc0000-0x00000000ffffffff] reserved
[    0.000000] NX (Execute Disable) protection: active
[    0.000000] SMBIOS 2.5 present.
[    0.000000] Hypervisor detected: KVM
[    0.000000] e820: last_pfn = 0x3fff0 max_arch_pfn = 0x400000000
[    0.000000] MTRR: Disabled
[    0.000000] x86/PAT: MTRRs disabled, skipping PAT initialization too.
[    0.000000] CPU MTRRs all blank - virtualized system.
[    0.000000] x86/PAT: Configuration [0-7]: WB  WT  UC- UC  WB  WT  UC- UC  
[    0.000000] found SMP MP-table at [mem 0x0009fff0-0x0009ffff] mapped at [ffff88000009fff0]
[    0.000000] Scanning 1 areas for low memory corruption
[    0.000000] RAMDISK: [mem 0x36adc000-0x37565fff]
[    0.000000] ACPI: Early table checksum verification disabled
[    0.000000] ACPI: RSDP 0x00000000000E0000 000024 (v02 VBOX  )
[    0.000000] ACPI: XSDT 0x000000003FFF0030 00003C (v01 VBOX   VBOXXSDT 00000001 ASL  00000061)
[    0.000000] ACPI: FACP 0x000000003FFF00F0 0000F4 (v04 VBOX   VBOXFACP 00000001 ASL  00000061)
[    0.000000] ACPI: DSDT 0x000000003FFF0470 0021FF (v02 VBOX   VBOXBIOS 00000002 INTL 20100528)
[    0.000000] ACPI: FACS 0x000000003FFF0200 000040
[    0.000000] ACPI: FACS 0x000000003FFF0200 000040
[    0.000000] ACPI: APIC 0x000000003FFF0240 00005C (v02 VBOX   VBOXAPIC 00000001 ASL  00000061)
[    0.000000] ACPI: SSDT 0x000000003FFF02A0 0001CC (v01 VBOX   VBOXCPUT 00000002 INTL 20100528)
[    0.000000] No NUMA configuration found
[    0.000000] Faking a node at [mem 0x0000000000000000-0x000000003ffeffff]
[    0.000000] NODE_DATA(0) allocated [mem 0x3ffeb000-0x3ffeffff]
[    0.000000] kvm-clock: Using msrs 4b564d01 and 4b564d00
[    0.000000] kvm-clock: cpu 0, msr 0:3ffe3001, primary cpu clock
[    0.000000] kvm-clock: using sched offset of 3138305924 cycles
[    0.000000] clocksource: kvm-clock: mask: 0xffffffffffffffff max_cycles: 0x1cd42e4dffb, max_idle_ns: 881590591483 ns
[    0.000000] Zone ranges:
[    0.000000]   DMA      [mem 0x0000000000001000-0x0000000000ffffff]
[    0.000000]   DMA32    [mem 0x0000000001000000-0x000000003ffeffff]
[    0.000000]   Normal   empty
[    0.000000]   Device   empty
[    0.000000] Movable zone start for each node
[    0.000000] Early memory node ranges
[    0.000000]   node   0: [mem 0x0000000000001000-0x000000000009efff]
[    0.000000]   node   0: [mem 0x0000000000100000-0x000000003ffeffff]
[    0.000000] Initmem setup node 0 [mem 0x0000000000001000-0x000000003ffeffff]
[    0.000000] ACPI: PM-Timer IO Port: 0x4008
[    0.000000] IOAPIC[0]: apic_id 2, version 32, address 0xfec00000, GSI 0-23
[    0.000000] ACPI: INT_SRC_OVR (bus 0 bus_irq 0 global_irq 2 dfl dfl)
[    0.000000] ACPI: INT_SRC_OVR (bus 0 bus_irq 9 global_irq 9 high level)
[    0.000000] Using ACPI (MADT) for SMP configuration information
[    0.000000] smpboot: Allowing 2 CPUs, 0 hotplug CPUs
[    0.000000] PM: Registered nosave memory: [mem 0x00000000-0x00000fff]
[    0.000000] PM: Registered nosave memory: [mem 0x0009f000-0x0009ffff]
[    0.000000] PM: Registered nosave memory: [mem 0x000a0000-0x000effff]
[    0.000000] PM: Registered nosave memory: [mem 0x000f0000-0x000fffff]
[    0.000000] e820: [mem 0x40000000-0xfebfffff] available for PCI devices
[    0.000000] Booting paravirtualized kernel on KVM
[    0.000000] clocksource: refined-jiffies: mask: 0xffffffff max_cycles: 0xffffffff, max_idle_ns: 7645519600211568 ns
[    0.000000] setup_percpu: NR_CPUS:512 nr_cpumask_bits:512 nr_cpu_ids:2 nr_node_ids:1
[    0.000000] PERCPU: Embedded 34 pages/cpu @ffff88003fc00000 s98328 r8192 d32744 u1048576
[    0.000000] PV qspinlock hash table entries: 256 (order: 0, 4096 bytes)
[    0.000000] Built 1 zonelists in Node order, mobility grouping on.  Total pages: 257913
[    0.000000] Policy zone: DMA32
[    0.000000] Kernel command line: BOOT_IMAGE=/boot/vmlinuz-4.4.0-97-generic root=LABEL=cloudimg-rootfs ro console=tty1 console=ttyS0
[    0.000000] PID hash table entries: 4096 (order: 3, 32768 bytes)
[    0.000000] Memory: 1001772K/1048120K available (8480K kernel code, 1294K rwdata, 3984K rodata, 1492K init, 1316K bss, 46348K reserved, 0K cma-reserved)
[    0.000000] SLUB: HWalign=64, Order=0-3, MinObjects=0, CPUs=2, Nodes=1
[    0.000000] Hierarchical RCU implementation.
[    0.000000] 	Build-time adjustment of leaf fanout to 64.
[    0.000000] 	RCU restricting CPUs from NR_CPUS=512 to nr_cpu_ids=2.
[    0.000000] RCU: Adjusting geometry for rcu_fanout_leaf=64, nr_cpu_ids=2
[    0.000000] NR_IRQS:33024 nr_irqs:440 16
[    0.000000] Console: colour VGA+ 80x25
[    0.000000] console [tty1] enabled
[    0.000000] console [ttyS0] enabled
[    0.000000] tsc: Detected 1599.999 MHz processor
[    3.382468] Calibrating delay loop (skipped) preset value.. 3199.99 BogoMIPS (lpj=6399996)
[    3.406135] pid_max: default: 32768 minimum: 301
[    3.461173] ACPI: Core revision 20150930
[    3.507264] ACPI: 2 ACPI AML tables successfully acquired and loaded
[    3.577591] Security Framework initialized
[    3.578861] Yama: becoming mindful.
[    3.579895] AppArmor: AppArmor initialized
[    3.609910] Dentry cache hash table entries: 131072 (order: 8, 1048576 bytes)
[    3.694223] Inode-cache hash table entries: 65536 (order: 7, 524288 bytes)
[    3.753798] Mount-cache hash table entries: 2048 (order: 2, 16384 bytes)
[    3.794429] Mountpoint-cache hash table entries: 2048 (order: 2, 16384 bytes)
[    3.811465] Initializing cgroup subsys io
[    3.818858] Initializing cgroup subsys memory
[    3.829303] Initializing cgroup subsys devices
[    3.830592] Initializing cgroup subsys freezer
[    3.831942] Initializing cgroup subsys net_cls
[    3.833283] Initializing cgroup subsys perf_event
[    3.841274] Initializing cgroup subsys net_prio
[    3.863509] Initializing cgroup subsys hugetlb
[    3.864679] Initializing cgroup subsys pids
[    3.871454] CPU: Physical Processor ID: 0
[    3.889462] CPU: Processor Core ID: 0
[    3.916096] mce: CPU supports 0 MCE banks
[    3.917224] Last level iTLB entries: 4KB 64, 2MB 8, 4MB 8
[    3.927203] Last level dTLB entries: 4KB 64, 2MB 0, 4MB 0, 1GB 4
[    3.949321] Freeing SMP alternatives memory: 32K
[    4.009183] ftrace: allocating 32148 entries in 126 pages
[    4.065335] smpboot: APIC(0) Converting physical 0 to logical package 0
[    4.082326] smpboot: Max logical packages: 1
[    4.083742] x2apic enabled
[    4.084989] Switched APIC routing to physical x2apic.
[    4.124735] ..TIMER: vector=0x30 apic1=0 pin1=2 apic2=-1 pin2=-1
[    4.233026] smpboot: CPU0: Intel(R) Core(TM) i5-5250U CPU @ 1.60GHz (family: 0x6, model: 0x3d, stepping: 0x4)
[    4.335104] Performance Events: unsupported p6 CPU model 61 no PMU driver, software events only.
[    4.429862] KVM setup paravirtual spinlock
[    4.440961] x86: Booting SMP configuration:
[    4.505473] .... node  #0, CPUs:      #1
[    4.562247] kvm-clock: cpu 1, msr 0:3ffe3041, secondary cpu clock
[    4.564620] mce: CPU supports 0 MCE banks
[    4.567439] x86: Booted up 1 node, 2 CPUs
[    4.606880] smpboot: Total of 2 processors activated (6399.99 BogoMIPS)
[    4.673208] devtmpfs: initialized
[    4.701983] evm: security.selinux
[    4.721303] evm: security.SMACK64
[    4.759362] evm: security.SMACK64EXEC
[    4.761558] evm: security.SMACK64TRANSMUTE
[    4.762645] evm: security.SMACK64MMAP
[    4.775046] evm: security.ima
[    4.789631] evm: security.capability
[    4.813701] clocksource: jiffies: mask: 0xffffffff max_cycles: 0xffffffff, max_idle_ns: 7645041785100000 ns
[    4.860191] futex hash table entries: 512 (order: 3, 32768 bytes)
[    4.904673] pinctrl core: initialized pinctrl subsystem
[    4.927210] RTC time: 10:12:45, date: 10/18/17
[    4.971499] NET: Registered protocol family 16
[    5.021283] cpuidle: using governor ladder
[    5.065272] cpuidle: using governor menu
[    5.073759] PCCT header not found.
[    5.113737] ACPI: bus type PCI registered
[    5.152701] acpiphp: ACPI Hot Plug PCI Controller Driver version: 0.5
[    5.166335] PCI: Using configuration type 1 for base access
[    5.207236] ACPI: Added _OSI(Module Device)
[    5.231996] ACPI: Added _OSI(Processor Device)
[    5.297513] ACPI: Added _OSI(3.0 _SCP Extensions)
[    5.340005] ACPI: Added _OSI(Processor Aggregator Device)
[    5.390246] ACPI: Executed 1 blocks of module-level executable AML code
[    5.454423] ACPI: Interpreter enabled
[    5.468377] ACPI: (supports S0 S5)
[    5.492361] ACPI: Using IOAPIC for interrupt routing
[    5.532838] PCI: Using host bridge windows from ACPI; if necessary, use "pci=nocrs" and report a bug
[    5.611062] ACPI: PCI Root Bridge [PCI0] (domain 0000 [bus 00-ff])
[    5.618310] acpi PNP0A03:00: _OSC: OS supports [ASPM ClockPM Segments MSI]
[    5.659418] acpi PNP0A03:00: _OSC: not requesting OS control; OS requires [ExtendedConfig ASPM ClockPM MSI]
[    5.688030] acpi PNP0A03:00: fail to add MMCONFIG information, can't access extended PCI configuration space under this bridge.
[    5.758309] PCI host bridge to bus 0000:00
[    5.804271] pci_bus 0000:00: root bus resource [io  0x0000-0x0cf7 window]
[    5.836063] pci_bus 0000:00: root bus resource [io  0x0d00-0xffff window]
[    5.901679] pci_bus 0000:00: root bus resource [mem 0x000a0000-0x000bffff window]
[    5.951951] pci_bus 0000:00: root bus resource [mem 0x40000000-0xffdfffff window]
[    5.984161] pci_bus 0000:00: root bus resource [bus 00-ff]
[    6.033186] pci 0000:00:01.1: legacy IDE quirk: reg 0x10: [io  0x01f0-0x01f7]
[    6.124063] pci 0000:00:01.1: legacy IDE quirk: reg 0x14: [io  0x03f6]
[    6.191135] pci 0000:00:01.1: legacy IDE quirk: reg 0x18: [io  0x0170-0x0177]
[    6.258677] pci 0000:00:01.1: legacy IDE quirk: reg 0x1c: [io  0x0376]
[    6.335193] pci 0000:00:07.0: quirk: [io  0x4000-0x403f] claimed by PIIX4 ACPI
[    6.410289] pci 0000:00:07.0: quirk: [io  0x4100-0x410f] claimed by PIIX4 SMB
[    6.504673] ACPI: PCI Interrupt Link [LNKA] (IRQs 5 9 10 *11)
[    6.554080] ACPI: PCI Interrupt Link [LNKB] (IRQs 5 9 10 *11)
[    6.619591] ACPI: PCI Interrupt Link [LNKC] (IRQs 5 9 *10 11)
[    6.660678] ACPI: PCI Interrupt Link [LNKD] (IRQs 5 *9 10 11)
[    6.715082] ACPI: Enabled 2 GPEs in block 00 to 07
[    6.739687] vgaarb: setting as boot device: PCI:0000:00:02.0
[    6.787564] vgaarb: device added: PCI:0000:00:02.0,decodes=io+mem,owns=io+mem,locks=none
[    6.854298] vgaarb: loaded
[    6.856299] vgaarb: bridge control possible 0000:00:02.0
[    6.888019] SCSI subsystem initialized
[    6.901234] ACPI: bus type USB registered
[    6.940679] usbcore: registered new interface driver usbfs
[    6.984231] usbcore: registered new interface driver hub
[    7.027757] usbcore: registered new device driver usb
[    7.077325] PCI: Using ACPI for IRQ routing
[    7.112188] NetLabel: Initializing
[    7.113227] NetLabel:  domain hash size = 128
[    7.114449] NetLabel:  protocols = UNLABELED CIPSOv4
[    7.129091] NetLabel:  unlabeled traffic allowed by default
[    7.132044] amd_nb: Cannot enumerate AMD northbridges
[    7.140664] clocksource: Switched to clocksource kvm-clock
[    7.170440] AppArmor: AppArmor Filesystem Enabled
[    7.193541] pnp: PnP ACPI init
[    7.206474] pnp: PnP ACPI: found 3 devices
[    7.228541] clocksource: acpi_pm: mask: 0xffffff max_cycles: 0xffffff, max_idle_ns: 2085701024 ns
[    7.241941] NET: Registered protocol family 2
[    7.278564] TCP established hash table entries: 8192 (order: 4, 65536 bytes)
[    7.292924] TCP bind hash table entries: 8192 (order: 5, 131072 bytes)
[    7.294528] TCP: Hash tables configured (established 8192 bind 8192)
[    7.296260] UDP hash table entries: 512 (order: 2, 16384 bytes)
[    7.304708] UDP-Lite hash table entries: 512 (order: 2, 16384 bytes)
[    7.330684] NET: Registered protocol family 1
[    7.338158] pci 0000:00:00.0: Limiting direct PCI/PCI transfers
[    7.339870] pci 0000:00:01.0: Activating ISA DMA hang workarounds
[    7.344230] Unpacking initramfs...
[    9.686019] Freeing initrd memory: 10792K
[    9.714094] RAPL PMU detected, API unit is 2^-32 Joules, 4 fixed counters 10737418240 ms ovfl timer
[    9.793435] hw unit of domain pp0-core 2^-0 Joules
[    9.853609] hw unit of domain package 2^-0 Joules
[    9.909520] hw unit of domain dram 2^-0 Joules
[    9.942035] hw unit of domain pp1-gpu 2^-0 Joules
[    9.987739] platform rtc_cmos: registered platform RTC device (no PNP device found)
[   10.058583] Scanning for low memory corruption every 60 seconds
[   10.077353] audit: initializing netlink subsys (disabled)
[   10.103291] audit: type=2000 audit(1508321568.578:1): initialized
[   10.126693] Initialise system trusted keyring
[   10.157654] HugeTLB registered 2 MB page size, pre-allocated 0 pages
[   10.219575] zbud: loaded
[   10.235555] VFS: Disk quotas dquot_6.6.0
[   10.245258] VFS: Dquot-cache hash table entries: 512 (order 0, 4096 bytes)
[   10.315735] squashfs: version 4.0 (2009/01/31) Phillip Lougher
[   10.416854] fuse init (API version 7.23)
[   10.460229] Key type big_key registered
[   10.499781] Allocating IMA MOK and blacklist keyrings.
[   10.505928] Key type asymmetric registered
[   10.531691] Asymmetric key parser 'x509' registered
[   10.557009] Block layer SCSI generic (bsg) driver version 0.4 loaded (major 249)
[   10.573554] io scheduler noop registered
[   10.581002] io scheduler deadline registered (default)
[   10.601838] io scheduler cfq registered
[   10.613792] pci_hotplug: PCI Hot Plug PCI Core version: 0.5
[   10.622741] pciehp: PCI Express Hot Plug Controller Driver version: 0.4
[   10.645331] ACPI: AC Adapter [AC] (off-line)
[   10.701750] input: Power Button as /devices/LNXSYSTM:00/LNXPWRBN:00/input/input0
[   10.724841] ACPI: Power Button [PWRF]
[   10.726444] input: Sleep Button as /devices/LNXSYSTM:00/LNXSLPBN:00/input/input1
[   10.752598] ACPI: Sleep Button [SLPF]
[   10.757266] ACPI: Battery Slot [BAT0] (battery present)
[   10.758997] GHES: HEST is not enabled!
[   10.760412] Serial: 8250/16550 driver, 32 ports, IRQ sharing enabled
[   10.785322] 00:02: ttyS0 at I/O 0x3f8 (irq = 4, base_baud = 115200) is a 16550A
[   10.840874] Linux agpgart interface v0.103
[   10.851989] loop: module loaded
[   10.876067] scsi host0: ata_piix
[   10.890062] scsi host1: ata_piix
[   10.891089] ata1: PATA max UDMA/33 cmd 0x1f0 ctl 0x3f6 bmdma 0xd000 irq 14
[   10.900181] ata2: PATA max UDMA/33 cmd 0x170 ctl 0x376 bmdma 0xd008 irq 15
[   10.903374] libphy: Fixed MDIO Bus: probed
[   10.916859] tun: Universal TUN/TAP device driver, 1.6
[   10.948065] tun: (C) 1999-2004 Max Krasnyansky <maxk@qualcomm.com>
[   10.965669] PPP generic driver version 2.4.2
[   10.966987] ehci_hcd: USB 2.0 'Enhanced' Host Controller (EHCI) Driver
[   10.968581] ehci-pci: EHCI PCI platform driver
[   10.985595] tsc: Refined TSC clocksource calibration: 1598.054 MHz
[   10.985597] clocksource: tsc: mask: 0xffffffffffffffff max_cycles: 0x1708f6966ad, max_idle_ns: 440795218276 ns
[   10.998659] ehci-platform: EHCI generic platform driver
[   11.039943] ohci_hcd: USB 1.1 'Open' Host Controller (OHCI) Driver
[   11.069938] ohci-pci: OHCI PCI platform driver
[   11.076699] ohci-platform: OHCI generic platform driver
[   11.098451] uhci_hcd: USB Universal Host Controller Interface driver
[   11.110904] i8042: PNP: PS/2 Controller [PNP0303:PS2K,PNP0f03:PS2M] at 0x60,0x64 irq 1,12
[   11.113776] serio: i8042 KBD port at 0x60,0x64 irq 1
[   11.143706] serio: i8042 AUX port at 0x60,0x64 irq 12
[   11.145187] mousedev: PS/2 mouse device common for all mice
[   11.147493] input: AT Translated Set 2 keyboard as /devices/platform/i8042/serio0/input/input2
[   11.174435] rtc_cmos rtc_cmos: rtc core: registered rtc_cmos as rtc0
[   11.208569] rtc_cmos rtc_cmos: alarms up to one day, 114 bytes nvram
[   11.271142] i2c /dev entries driver
[   11.277906] device-mapper: uevent: version 1.0.3
[   11.279372] device-mapper: ioctl: 4.34.0-ioctl (2015-10-28) initialised: dm-devel@redhat.com
[   11.330185] ledtrig-cpu: registered to indicate activity on CPUs
[   11.382740] NET: Registered protocol family 10
[   11.401241] NET: Registered protocol family 17
[   11.414727] Key type dns_resolver registered
[   11.430078] microcode: CPU0 sig=0x306d4, pf=0x40, revision=0x0
[   11.458141] microcode: CPU1 sig=0x306d4, pf=0x40, revision=0x0
[   11.464567] microcode: Microcode Update Driver: v2.01 <tigran@aivazian.fsnet.co.uk>, Peter Oruba
[   11.565823] registered taskstats version 1
[   11.597604] Loading compiled-in X.509 certificates
[   11.599598] Loaded X.509 cert 'Build time autogenerated kernel key: d1010f9627fd9242df4b03365d2931dfd1ad3d42'
[   11.616553] zswap: loaded using pool lzo/zbud
[   11.677738] Key type trusted registered
[   11.684050] Key type encrypted registered
[   11.714597] AppArmor: AppArmor sha1 policy hashing enabled
[   11.772610] ima: No TPM chip found, activating TPM-bypass!
[   11.810088] evm: HMAC attrs: 0x1
[   11.843164]   Magic number: 5:604:224
[   11.887103] rtc_cmos rtc_cmos: setting system clock to 2017-10-18 10:12:52 UTC (1508321572)
[   11.992953] BIOS EDD facility v0.16 2004-Jun-25, 0 devices found
[   12.041467] EDD information not available.
[   12.044054] Freeing unused kernel memory: 1492K
[   12.056575] Write protecting the kernel read-only data: 14336k
[   12.110126] Freeing unused kernel memory: 1748K
[   12.146280] Freeing unused kernel memory: 112K
Loading, please wait...
starting version[   12.190575] random: systemd-udevd: uninitialized urandom read (16 bytes read, 5 bits of entropy available)
 229
[   12.191153] random: udevadm: uninitialized urandom read (16 bytes read, 5 bits of entropy available)
[   12.191206] random: udevadm: uninitialized urandom read (16 bytes read, 5 bits of entropy available)
[   12.191355] random: udevadm: uninitialized urandom read (16 bytes read, 5 bits of entropy available)
[   12.191616] random: udevadm: uninitialized urandom read (16 bytes read, 5 bits of entropy available)
[   12.191734] random: udevadm: uninitialized urandom read (16 bytes read, 5 bits of entropy available)
[   12.191819] random: udevadm: uninitialized urandom read (16 bytes read, 5 bits of entropy available)
[   12.191894] random: udevadm: uninitialized urandom read (16 bytes read, 5 bits of entropy available)
[   12.191963] random: udevadm: uninitialized urandom read (16 bytes read, 5 bits of entropy available)
[   12.192034] random: udevadm: uninitialized urandom read (16 bytes read, 5 bits of entropy available)
[   12.667766] Fusion MPT base driver 3.04.20
[   12.698585] Copyright (c) 1999-2008 LSI Corporation
[   12.702197] e1000: Intel(R) PRO/1000 Network Driver - version 7.3.21-k8-NAPI
[   12.704532] e1000: Copyright (c) 1999-2006 Intel Corporation.
[   12.726835] Fusion MPT SPI Host driver 3.04.20
[   12.762340] AVX version of gcm_enc/dec engaged.
[   12.770102] AES CTR mode by8 optimization enabled
[   12.921809] input: ImExPS/2 Generic Explorer Mouse as /devices/platform/i8042/serio1/input/input4
[   13.218026] e1000 0000:00:03.0 eth0: (PCI:33MHz:32-bit) 02:14:68:3e:84:47
[   13.308252] e1000 0000:00:03.0 eth0: Intel(R) PRO/1000 Network Connection
[   13.742435] e1000 0000:00:08.0 eth1: (PCI:33MHz:32-bit) 08:00:27:41:e1:a7
[   13.761376] e1000 0000:00:08.0 eth1: Intel(R) PRO/1000 Network Connection
[   13.764542] e1000 0000:00:03.0 enp0s3: renamed from eth0
[   13.808226] mptbase: ioc0: Initiating bringup
[   13.829302] e1000 0000:00:08.0 enp0s8: renamed from eth1
[   13.896722] ioc0: LSI53C1030 A0: Capabilities={Initiator}
[   14.116412] scsi host2: ioc0: LSI53C1030 A0, FwRev=00000000h, Ports=1, MaxQ=256, IRQ=20
[   14.294705] scsi 2:0:0:0: Direct-Access     VBOX     HARDDISK         1.0  PQ: 0 ANSI: 5
[   14.377588] scsi target2:0:0: Beginning Domain Validation
[   14.436933] scsi target2:0:0: Domain Validation skipping write tests
[   14.515665] scsi target2:0:0: Ending Domain Validation
[   14.517087] scsi target2:0:0: asynchronous
[   14.518721] scsi 2:0:1:0: Direct-Access     VBOX     HARDDISK         1.0  PQ: 0 ANSI: 5
[   14.582149] scsi target2:0:1: Beginning Domain Validation
[   14.585095] scsi target2:0:1: Domain Validation skipping write tests
[   14.617443] scsi target2:0:1: Ending Domain Validation
[   14.726750] scsi target2:0:1: asynchronous
[   14.799325] sd 2:0:0:0: [sda] 20971520 512-byte logical blocks: (10.7 GB/10.0 GiB)
[   14.854923] sd 2:0:0:0: Attached scsi generic sg0 type 0
[   14.904540] sd 2:0:1:0: Attached scsi generic sg1 type 0
[   14.953947] sd 2:0:1:0: [sdb] 20480 512-byte logical blocks: (10.5 MB/10.0 MiB)
[   14.953972] sd 2:0:0:0: [sda] Write Protect is off
[   14.954106] sd 2:0:0:0: [sda] Incomplete mode parameter data
[   14.954107] sd 2:0:0:0: [sda] Assuming drive cache: write through
[   14.955861]  sda: sda1
[   14.956567] sd 2:0:0:0: [sda] Attached SCSI disk
[   15.103788] sd 2:0:1:0: [sdb] Write Protect is off
[   15.145878] sd 2:0:1:0: [sdb] Incomplete mode parameter data
[   15.186131] sd 2:0:1:0: [sdb] Assuming drive cache: write through
[   15.308591] sd 2:0:1:0: [sdb] Attached SCSI disk
[   15.745655] floppy0: no floppy controllers found
Begin: Loading essential drivers[   17.137510] md: linear personality registered for level -1
 ... [   17.195477] md: multipath personality registered for level -4
[   17.273150] md: raid0 personality registered for level 0
[   17.315745] md: raid1 personality registered for level 1
[   17.408929] raid6: sse2x1   gen()  3980 MB/s
[   17.520792] raid6: sse2x1   xor()  5729 MB/s
[   17.605108] raid6: sse2x2   gen()  9246 MB/s
[   17.720854] raid6: sse2x2   xor()  5588 MB/s
[   17.832848] raid6: sse2x4   gen() 10613 MB/s
[   17.940781] raid6: sse2x4   xor()  7781 MB/s
[   17.993246] raid6: using algorithm sse2x4 gen() 10613 MB/s
[   18.026309] raid6: .... xor() 7781 MB/s, rmw enabled
[   18.064913] raid6: using ssse3x2 recovery algorithm
[   18.121857] xor: automatically using best checksumming function:
[   18.181315]    avx       : 17984.000 MB/sec
[   18.243080] async_tx: api initialized (async)
[   18.279705] md: raid6 personality registered for level 6
[   18.296121] md: raid5 personality registered for level 5
[   18.346810] md: raid4 personality registered for level 4
[   18.419729] md: raid10 personality registered for level 10
done.
Begin: Running /scripts/init-premount ... done.
Begin: Mounting root file system ... Begin: Running /scripts/local-top ... done.
Begin: Running /scripts/local-premount ... [   18.478532] Btrfs loaded
Scanning for Btrfs filesystems
done.
Warning: fsck no[   18.593473] EXT4-fs (sda1): mounted filesystem with ordered data mode. Opts: (null)
t present, so skipping root file system
done.
Begin: Running /scripts/local-bottom ... done.
Begin: Running /scripts/init-bottom ... done.
[   18.713017] systemd[1]: systemd 229 running in system mode. (+PAM +AUDIT +SELINUX +IMA +APPARMOR +SMACK +SYSVINIT +UTMP +LIBCRYPTSETUP +GCRYPT +GNUTLS +ACL +XZ -LZ4 +SECCOMP +BLKID +ELFUTILS +KMOD -IDN)
[   18.867848] systemd[1]: Detected virtualization oracle.
[   18.937511] systemd[1]: Detected architecture x86-64.

Welcome to [1mUbuntu 16.04.3 LTS[0m!

[   18.997679] systemd[1]: Set hostname to <ubuntu>.
[   19.029881] systemd[1]: Initializing machine ID from random generator.
[   19.051615] systemd[1]: Installed transient /etc/machine-id file.
[   19.234604] systemd[1]: Listening on udev Control Socket.
[[0;32m  OK  [0m] Listening on udev Control Socket.
[   19.361048] systemd[1]: Reached target Swap.
[[0;32m  OK  [0m] Reached target Swap.
[   19.417525] systemd[1]: Set up automount Arbitrary Executable File Formats File System Automount Point.
[[0;32m  OK  [0m] Set up automount Arbitrary Executab...ats File System Automount Point.
[   19.545690] systemd[1]: Listening on Journal Socket.
[[0;32m  OK  [0m] Listening on Journal Socket.
[   19.576376] systemd[1]: Listening on LVM2 metadata daemon socket.
[[0;32m  OK  [0m] Listening on LVM2 metadata daemon socket.
[   19.608927] systemd[1]: Reached target Encrypted Volumes.
[[0;32m  OK  [0m] Reached target Encrypted Volumes.
[   19.673798] systemd[1]: Created slice User and Session Slice.
[[0;32m  OK  [0m] Created slice User and Session Slice.
[   19.793660] systemd[1]: Started Forward Password Requests to Wall Directory Watch.
[[0;32m  OK  [0m] Started Forward Password Requests to Wall Directory Watch.
[   19.942643] systemd[1]: Started Trigger resolvconf update for networkd DNS.
[[0;32m  OK  [0m] Started Trigger resolvconf update for networkd DNS.
[   20.101649] systemd[1]: Listening on udev Kernel Socket.
[[0;32m  OK  [0m] Listening on udev Kernel Socket.
[   20.121746] systemd[1]: Listening on /dev/initctl Compatibility Named Pipe.
[[0;32m  OK  [0m] Listening on /dev/initctl Compatibility Named Pipe.
[   20.245889] systemd[1]: Listening on Journal Audit Socket.
[[0;32m  OK  [0m] Listening on Journal Audit Socket.
[   20.277873] systemd[1]: Created slice System Slice.
[[0;32m  OK  [0m] Created slice System Slice.
[   20.397447] systemd[1]: Starting Remount Root and Kernel File Systems...
[   20.474883] random: nonblocking pool is initialized
         Starting Remount Root and Kernel File S[   20.485304] EXT4-fs (sda1): re-mounted. Opts: (null)
ystems...
[   20.553517] systemd[1]: Created slice system-serial\x2dgetty.slice.
[[0;32m  OK  [0m] Created slice system-serial\x2dgetty.slice.
[   20.653102] systemd[1]: Mounting POSIX Message Queue File System...
         Mounting POSIX Message Queue File System...
[   20.725221] systemd[1]: Starting Uncomplicated firewall...
         Starting Uncomplicated firewall...
[   20.770196] systemd[1]: Starting Set console keymap...
         Starting Set console keymap...
[   20.837390] systemd[1]: Mounting Debug File System...
         Mounting Debug File System...
[   20.909373] systemd[1]: Reached target Slices.
[[0;32m  OK  [0m] Reached target Slices.
[   20.989287] systemd[1]: Starting Load Kernel Modules...
[   21.011539] Loading iSCSI transport class v2.0-870.
         Startin[   21.093902] iscsi: registered transport (tcp)
g Load Kernel Modules...
[   21.160931] systemd[1]: Mounting Huge Pages File System...
[   21.168329] iscsi: registered transport (iser)
         Mounting Huge Pages File System...
[   21.225075] systemd[1]: Starting Nameserver information manager...
         Starting Nameserver information manager...
[   21.317009] systemd[1]: Starting Create list of required static device nodes for the current kernel...
         Starting Create list of required st... nodes for the current kernel...
[   21.483523] systemd[1]: Reached target User and Group Name Lookups.
[[0;32m  OK  [0m] Reached target User and Group Name Lookups.
[   21.568761] systemd[1]: Listening on Syslog Socket.
[[0;32m  OK  [0m] Listening on Syslog Socket.
[   21.633455] systemd[1]: Listening on Journal Socket (/dev/log).
[[0;32m  OK  [0m] Listening on Journal Socket (/dev/log).
[   21.721229] systemd[1]: Starting Journal Service...
         Starting Journal Service...
[   21.761110] systemd[1]: Listening on Device-mapper event daemon FIFOs.
[[0;32m  OK  [0m] Listening on Device-mapper event daemon FIFOs.
[   21.824974] systemd[1]: Starting Monitoring of LVM2 mirrors, snapshots etc. using dmeventd or progress polling...
         Starting Monitoring of LVM2 mirrors... dmeventd or progress polling...
[   21.870048] systemd[1]: Listening on LVM2 poll daemon socket.
[[0;32m  OK  [0m] Listening on LVM2 poll daemon socket.
[   21.926734] systemd[1]: Mounted Debug File System.
[[0;32m  OK  [0m] Mounted Debug File System.
[   21.965743] systemd[1]: Mounted Huge Pages File System.
[[0;32m  OK  [0m] Mounted Huge Pages File System.
[   22.033557] systemd[1]: Mounted POSIX Message Queue File System.
[[0;32m  OK  [0m] Mounted POSIX Message Queue File System.
[   22.081324] systemd[1]: Started Journal Service.
[[0;32m  OK  [0m] Started Journal Service.
[[0;32m  OK  [0m] Started Remount Root and Kernel File Systems.
[[0;32m  OK  [0m] Started Uncomplicated firewall.
[[0;32m  OK  [0m] Started Set console keymap.
[[0;32m  OK  [0m] Started Load Kernel Modules.
[[0;32m  OK  [0m] Started Create list of required sta...ce nodes for the current kernel.
[[0;32m  OK  [0m] Started Nameserver information manager.
[[0;32m  OK  [0m] Started LVM2 metadata daemon.
         Starting Create Static Device Nodes in /dev...
         Starting Apply Kernel Variables...
         Mounting FUSE Control File System...
         Starting Initial cloud-init job (pre-networking)...
         Starting udev Coldplug all Devices...
         Starting Load/Save Random Seed...
         Starting Flush Journal to Persistent Storage...
[[0;32m  OK  [0m] Mounted FUSE Control File System.
[[0;32m  OK  [0m] Started Create Static Device Nodes in /dev.
[[0;32m  OK  [0m] Started Apply Kernel Variables.
[[0;32m  OK  [0m] Started Load/Save Random Seed.
[[0;32m  OK  [0m] Started udev Coldplug all Devices.
[[0;32m  OK  [0m] Started Monitoring of LVM2 mirrors,...ng dmeventd or progress polling.
[[0;32m  OK  [0m] Started Flush Journal to Persistent Storage.
         Starting udev Kernel Device Manager...
[[0;32m  OK  [0m] Started udev Kernel Device Manager.
[[0;32m  OK  [0m] Started Dispatch Password Requests to Console Directory Watch.
[[0;32m  OK  [0m] Reached target Local File Systems (Pre).
[[0;32m  OK  [0m] Reached target Local File Systems.
         Starting Set console font and keymap...
         Starting Tell Plymouth To Write Out Runtime Data...
         Starting LSB: AppArmor initialization...
         Starting Commit a transient machine-id on disk...
         Starting Create Volatile Files and Directories...
[[0;32m  OK  [0m] Started Tell Plymouth To Write Out Runtime Data.
[[0;32m  OK  [0m] Started Commit a transient machine-id on disk.
[   17.357363] cloud-init[453]: Cloud-init v. 0.7.9 running 'init-local' at Wed, 18 Oct 2017 10:13:04 +0000. Up 16.89 seconds.
[[0;32m  OK  [0m] Started Create Volatile Files and Directories.
[[0;32m  OK  [0m] Started Initial cloud-init job (pre-networking).
[[0;32m  OK  [0m] Started Set console font and keymap.
[[0;32m  OK  [0m] Found device /dev/ttyS0.
[[0;32m  OK  [0m] Listening on Load/Save RF Kill Switch Status /dev/rfkill Watch.
[[0;32m  OK  [0m] Created slice system-getty.slice.
[[0;32m  OK  [0m] Reached target Network (Pre).
         Starting Update UTMP about System Boot/Shutdown...
[[0;32m  OK  [0m] Reached target System Time Synchronized.
[[0;32m  OK  [0m] Started Update UTMP about System Boot/Shutdown.
[[0;32m  OK  [0m] Started LSB: AppArmor initialization.
         Starting Raise network interfaces...
[[0;32m  OK  [0m] Started Raise network interfaces.
[[0;32m  OK  [0m] Reached target Network.
         Starting Initial cloud-init job (metadata service crawler)...
[   21.229138] cloud-init[949]: Cloud-init v. 0.7.9 running 'init' at Wed, 18 Oct 2017 10:13:07 +0000. Up 20.41 seconds.
[[0;32m  OK  [0m] Started Initial cloud-init job (metadata service crawler).
[   21.303499] cloud-init[949]: ci-info: ++++++++++++++++++++++++++++++++++++++Net device info++++++++++++++++++++++++++++++++++++++
[   21.318633] cloud-init[949]: ci-info: +--------+-------+----------------------------+---------------+-------+-------------------+
[[0;32m  OK  [0m] Reached target Cloud-config availability.
[   21.318820] cloud-init[949]: ci-info: | Device |   Up  |          Address           |      Mask     | Scope |     Hw-Address    |
[   21.469118] cloud-init[949]: ci-info: +--------+-------+----------------------------+---------------+-------+-------------------+
[[0;32m  OK  [0m] Reached target Network is Online.
[   21.469346] cloud-init[949]: ci-info: | enp0s3 |  True |         10.0.2.15          | 255.255.255.0 |   .   | 02:14:68:3e:84:47 |
[   21.688603]          cloud-initStarting iSCSI initiator daemon (iscsid)...[949]: 
ci-info: | enp0s3 |  True | fe80::14:68ff:fe3e:8447/64 |       .       |  link | 02:14:68:3e:84:47 |
[   21.784262] cloud-init[949]: ci-info: |   lo   |  True |         127.0.0.1          |   255.0.0.0   |   .   |         .         |
[   21.784690] cloud-init[949]: ci-info: |   lo   |  True |          ::1/128           |       .       |  host |         .         |
[[0;32m  OK  [0m] Reached target System Initialization.
[[   21.784991] cloud-init[949]: ci-info: | enp0s8 | False |             .              |       .       |   .   | 08:00:27:41:e1:a7 |
[   21.909567] cloud-init[949]: ci-info: +--------+-------+----------------------------+---------------+-------+-------------------+
[0;32m  OK  [0m] Listening on UUID daemon activation socket.
[   21.909850] cloud-init[949]: ci-info: +++++++++++++++++++++++++++Route IPv4 info++++++++++++++++++++++++++++
[   22.096787] cloud-init[949]: ci-info: +-------+-------------+----------+---------------+-----------+-------+
[   22.097346] cloud-init[949]: ci-info: | Route | Destination | Gateway  |    Genmask    | Interface | Flags |
         Starting Socket activation for snappy daemon.
[[   22.097598] cloud-init[949]: ci-info: +-------+-------------+----------+---------------+-----------+-------+
[   22.309622] cloud-init[949]: ci-info: |   0   |   0.0.0.0   | 10.0.2.2 |    0.0.0.0    |   enp0s3  |   UG  |
[0;32m  OK  [0m] Listening on D-Bus System Message Bus Socket.
[   22.309841] cloud-init[949]: ci-info: |   1   |   10.0.2.0  | 0.0.0.0  | 255.255.255.0 |   enp0s3  |   U   |
[   22.420100] cloud-init[949]: ci-info: +-------+-------------+----------+---------------+-----------+-------+
[[0;32m  OK  [0m] Started Daily Cleanup of Temporary Directories.
[[   22.420778] cloud-init[949]: Generating public/private rsa key pair.
[   22.513058] cloud-init[949]: Your identification has been saved in /etc/ssh/ssh_host_rsa_key.[0;32m  OK  [0m
] Listening on ACPID Listen Socket.
[[   22.513431] cloud-init[949]: Your public key has been saved in /etc/ssh/ssh_host_rsa_key.pub.
[   22.606082] cloud-init[949]: The key fingerprint is:
[0;32m  OK  [0m] Started Timer to automatically refresh installed snaps.
[[   22.606392] cloud-init[949]: SHA256:kV0MebqIB+RRgB/El13NLx+SQpssm75DxiTdiwN3IJw root@ubuntu-xenial
[   22.664675] cloud-init[949]: The key's randomart image is:
[0;32m  OK  [0m] Started Timer to automatically fetch and run repair assertions.
[[   22.664832] cloud-init[949]: +---[RSA 2048]----+
[   22.765247] cloud-init[949]: |     ++ooo.=oo   |
[0;32m  OK  [0m] Started Daily apt download activities.
[[   22.765501] cloud-init[949]: |    . =Eo+ooo o  |
[   22.837697] cloud-init[949]: |     + += *oo .. |
[0;32m  OK  [0m] Started Daily apt upgrade and clean activities.
[[   22.837900] cloud-init[949]: |      +o *.B o...|
[   22.937059] cloud-init[949]: |       oS.*.o .o.|
[   22.937252] cloud-init[949]: |      . oO..    .|
[   22.937476] cloud-init[949]: |       .+ .      |
[0;32m  OK  [0m] Reached target Timers.
[   22.937717] cloud-init[949]: |         o       |
[   23.048499] cloud-init[949]: |         .o      |
[   23.048951] cloud-init[949]: +----[SHA256]-----+
[[0;32m  OK  [0m] Started ACPI Events Check.
[[0;32m  OK  [0m[   23.049182] ] cloud-initReached target Paths.[949]: 
Generating public/private dsa key pair.
[   23.097093] cloud-init[949]: Your identification has been saved in /etc/ssh/ssh_host_dsa_key.
[   23.097558] cloud-init[949]: Your public key has been saved in /etc/ssh/ssh_host_dsa_key.pub.
         Starting LXD - unix socket.
[   23.097783] cloud-init[949]: The key fingerprint is:
[   23.228587] cloud-init[949]: SHA256:pAn5kI2nImPU7sOhEaevASItoJOt5E/fiIJ+jcz6DDM root@ubuntu-xenial
[   23.260494] cloud-init[949]: The key's randomart image is:
[   23.296733] cloud-init[949]: +---[DSA 1024]----+
[[0;32m  OK  [0m] Listening on Socket activation for snappy daemon.
[   23.347075] cloud-init[949]: |                 |
[   23.445309] cloud-init[949]: |  .  =           |
[[0;32m  OK  [0m] Listening on LXD - unix socket.
[[0;32m  OK  [0m] Started iSCSI initiator daemon (iscsid).
[   23.488092] cloud-init[949]: |.o o* o .        |
[   23.560576] cloud-init[949]: |++=  * +         |
[   23.592558] cloud-init[949]: |@=+o. + S        |
[   23.612819] cloud-init[949]: |B**..            |
[   23.644658] cloud-init[949]: |oEo*o            |
         Starting Login to default iSCSI targets...
[[0;32m  OK  [0m] Reached target Sockets.
[   23.663732] cloud-init[949]: |..X=+.o          |
[   23.756563] cloud-init[949]: |.+== o .         |
[[0;32m  OK  [0m] Reached target Basic System.
[   23.778672] cloud-init[949]: +----[SHA256]-----+
[   23.821103] cloud-init[949]: Generating public/private ecdsa key pair.
[[0;32m  OK  [0m] Started Deferred execution scheduler.
[   23.883639] cloud-init[949]: Your identification has been saved in /etc/ssh/ssh_host_ecdsa_key.
[   23.946212] cloud-init[949]: Your public key has been saved in /etc/ssh/ssh_host_ecdsa_key.pub.
         Starting /etc/rc.local Compatibility...
[   23.989371] cloud-init[949]: The key fingerprint is:
[   24.032596] cloud-init[949]: SHA256:5BjrjfXXh9IBUwmtCL59P2RLWoZ+C8rXBtJj1xNxaAE root@ubuntu-xenial
[[0;32m  OK  [0m] Started FUSE filesystem for LXC.
[[0;32m  OK  [0m] Started Unattended Upgrades Shutdown.
[   24.033578] cloud-init[949]: The key's randomart image is:
[   24.152656]          cloud-initStarting LSB: MD monitoring daemon...[949]: 
+---[ECDSA 256]---+
[   24.200565]          cloud-initStarting Pollinate to seed the pseudo random number generator...[949]: 
|            E+o+ |
[   24.240674]          cloud-initStarting System Logging Service...[949]: 
|        .    .=..|
[   24.304369]          cloud-initStarting Accounts Service...[949]: 
|      .... .oo  o|
[   24.364376] [cloud-init[0;32m  OK  [0m[949]: ] |       *. . .o . |Started D-Bus System Message Bus.

[   24.365443] cloud-init[949]: |      o So . ....|
[   24.436770] [cloud-init[0;32m  OK  [0m[949]: ] |     . +..o BoB+.|Started Regular background program processing daemon.

[   24.437754] cloud-init[949]: |      o . .=+&+.o|
         Starting LXD - container startup/shutdown...
         Starting LSB: Record successful boot for GRUB...
[   24.505032] cloud-init[949]: |         . o+oB. |
[   24.549363]          cloud-initStarting Snappy daemon...[949]: 
|          o. o.o |
         Starting Login Service...
[   24.569436] cloud-init[[0;32m  OK  [0m] Started ACPI event daemon.
         Starting Apply the settings specified in cloud-config...
[[0;32m  OK  [0m] Started System Logging Service.
[[0;32m  OK  [0m] Started /etc/rc.local Compatibility.
[949]: +----[SHA256]-----+
[[0;32m  OK  [0m] Started Pollinate to seed the pseudo random number generator.
[   24.642240] cloud-init[949]: Generating public/private ed25519 key pair.
[   24.684541] cloud-init[949]: Your identification has been saved in /etc/ssh/ssh_host_ed25519_key.
[   24.736414] cloud-init[949]: Your public key has been saved in /etc/ssh/ssh_host_ed25519_key.pub.
[   24.736844] cloud-init[949]: The key fingerprint is:
[[0;32m  OK  [0m] Started LXD - container startup/shutdown.
[   24.737034] cloud-init[949]: SHA256:oUnpGQV8qEZf+mZGXH3D9JyioJ+p68aTDMB7WginX2o root@ubuntu-xenial
[[   24.889156] cloud-init[949]: The key's randomart image is:
[   24.889764] cloud-init[949]: +--[ED25519 256]--+
[0;32m  OK  [0m] Started Snappy daemon.
[   24.889968] cloud-init[949]: |     ..o.  . o.  |
[[   24.946847] cloud-init[949]: |    . ooo . . +o.|
[0;32m  OK  [0m] Started Login to default iSCSI targets.
[   24.947861] cloud-init[949]: |  .. o+=.o   o oo|
[   25.022549] cloud-init[949]: | . +ooo=+.. . .  |
[   25.024645] cloud-init[949]: |  +.+ =+S  .     |
[   25.027777] cloud-init[949]: | . o =  * o      |
[   25.033371] cloud-init[949]: |  . * ++.+       |
[   25.041186] cloud-init[949]: |   E   *.        |
[   25.049500] cloud-init[949]: |  .   o+o        |
[   25.049689] cloud-init[949]: +----[SHA256]-----+
[[0;32m  OK  [0m] Started LSB: MD monitoring daemon.
[[0;32m  OK  [0m] Started LSB: Record successful boot for GRUB.
         Starting Authenticate and Authorize Users to Run Privileged Tasks...
[[0;32m  OK  [0m] Reached target Remote File Systems (Pre).
[[0;32m  OK  [0m] Reached target Remote File Systems.
         Starting Permit User Sessions...
         Starting LSB: Set the CPU Frequency Scaling governor to "ondemand"...
         Starting LSB: daemon to balance interrupts for SMP systems...
         Starting LSB: automatic crash report generation...
         Starting LSB: VirtualBox Linux Additions...
         Starting Auto import assertions from block devices...
         Starting OpenBSD Secure Shell server...
[[0;32m  OK  [0m] Started Permit User Sessions.
[[0;32m  OK  [0m] Started Login Service.
[[0;32m  OK  [0m] Started Authenticate and Authorize Users to Run Privileged Tasks.
[[0;32m  OK  [0m] Started Accounts Service.
[[0;32m  OK  [0m] Started Auto import assertions from block devices.
[[0;32m  OK  [0m] Started OpenBSD Secure Shell server.
[[0;32m  OK  [0m] Started LSB: Set the CPU Frequency Scaling governor to "ondemand".
         Starting Hold until boot process finishes up...
         Starting Terminate Plymouth Boot Screen...
[[0;32m  OK  [0m] Started LSB: daemon to balance interrupts for SMP systems.
[[0;32m  OK  [0m] Started LSB: automatic crash report generation.
[[0;32m  OK  [0m] Started Hold until boot process finishes up.
[[0;32m  OK  [0m] Started Terminate Plymouth Boot Screen.
[[0;32m  OK  [0m] Started Getty on tty1.
         Starting Set console scheme...
[[0;32m  OK  [0m] Started Serial Getty on ttyS0.
[[0;32m  OK  [0m] Reached target Login Prompts.
[[0;32m  OK  [0m] Started LSB: VirtualBox Linux Additions.
[[0;32m  OK  [0m] Started Set console scheme.
[[0;32m  OK  [0m] Reached target Multi-User System.
[[0;32m  OK  [0m] Reached target Graphical Interface.
         Starting Update UTMP about System Runlevel Changes...
[[0;32m  OK  [0m] Started Update UTMP about System Runlevel Changes.
[   25.946565] cloud-init[1151]: Generating locales (this might take a while)...
[   27.287602] cloud-init[1151]:   en_US.UTF-8... done
[   27.320722] cloud-init[1151]: Generation complete.
         Stopping OpenBSD Secure Shell server...
[[0;32m  OK  [0m] Stopped OpenBSD Secure Shell server.
         Starting OpenBSD Secure Shell server...
[[0;32m  OK  [0m] Started OpenBSD Secure Shell server.
[[0;32m  OK  [0m] Created slice User Slice of ubuntu.
         Starting User Manager for UID 1000...
[[0;32m  OK  [0m] Started Session 1 of user ubuntu.
[[0;32m  OK  [0m] Started User Manager for UID 1000.
[   27.889662] cloud-init[1151]: Cloud-init v. 0.7.9 running 'modules:config' at Wed, 18 Oct 2017 10:13:12 +0000. Up 25.47 seconds.
[[0;32m  OK  [0m] Started Apply the settings specified in cloud-config.
         Starting Execute cloud user/final scripts...
ci-info: no authorized ssh keys fingerprints found for user ubuntu.
<14>Oct 18 10:13:16 ec2: 
<14>Oct 18 10:13:16 ec2: #############################################################
<14>Oct 18 10:13:16 ec2: -----BEGIN SSH HOST KEY FINGERPRINTS-----
<14>Oct 18 10:13:16 ec2: 1024 SHA256:pAn5kI2nImPU7sOhEaevASItoJOt5E/fiIJ+jcz6DDM root@ubuntu-xenial (DSA)
<14>Oct 18 10:13:16 ec2: 256 SHA256:5BjrjfXXh9IBUwmtCL59P2RLWoZ+C8rXBtJj1xNxaAE root@ubuntu-xenial (ECDSA)
<14>Oct 18 10:13:16 ec2: 256 SHA256:oUnpGQV8qEZf+mZGXH3D9JyioJ+p68aTDMB7WginX2o root@ubuntu-xenial (ED25519)
<14>Oct 18 10:13:16 ec2: 2048 SHA256:kV0MebqIB+RRgB/El13NLx+SQpssm75DxiTdiwN3IJw root@ubuntu-xenial (RSA)
<14>Oct 18 10:13:16 ec2: -----END SSH HOST KEY FINGERPRINTS-----
<14>Oct 18 10:13:16 ec2: #############################################################
-----BEGIN SSH HOST KEY KEYS-----
ecdsa-sha2-nistp256 AAAAE2VjZHNhLXNoYTItbmlzdHAyNTYAAAAIbmlzdHAyNTYAAABBBH0oXBjLK1RLTxr76nSsHTj0Jgb8LFBhkmV6OMIf1CUujBrD1SdXmwY9xk0W3VcYUDCB6oQ3iIaDF5M1PdgqEMo= root@ubuntu-xenial
ssh-ed25519 AAAAC3NzaC1lZDI1NTE5AAAAIHcRaam95chlRVnW2FM5Tf7ymOx7DC7WqJSueKYu53qB root@ubuntu-xenial
ssh-rsa AAAAB3NzaC1yc2EAAAADAQABAAABAQC9mH40MisRlyqcNuk1BQLaa2BipoX51IJ8HXOLaNfifCvoOz+VIK1wkwTl/qe9PcskxmgcZOJZ5ULOkbQMiuyv3xIYpSwrsMigMgv8Dy6+yAsogg+KO+BqO55Ia/FlkI0TxQmhQftbhGvB/dHL9uD4BezpM7aFXY40KS86+J7pONgvrC5w2YBGlF0e/iKASODIY0F3xHJpv0aIulTewaGselTNGxMkmdPkpHVrGrQN75AjvrRDHm0BVlFwWu8eNnHznqxsPZObhuUAySDg8QZZLk+xEHpVYf3O/0/22cR0SFLqZIA53PS9UimeckPXQlb7LHyjCJfyhx6445hYEKiP root@ubuntu-xenial
-----END SSH HOST KEY KEYS-----
[   29.273947] cloud-init[1400]: Cloud-init v. 0.7.9 running 'modules:final' at Wed, 18 Oct 2017 10:13:15 +0000. Up 28.63 seconds.
[   29.388466] cloud-init[1400]: ci-info: no authorized ssh keys fingerprints found for user ubuntu.
[[0;32m  OK  [0m] Started Execute cloud user/final scripts.
[   29.388804] cloud-init[1400]: Cloud-init v. 0.7.9 finished at Wed, 18 Oct 2017 10:13:16 +0000. Datasource DataSourceNoCloud [seed=/dev/sdb][dsmode=net].  Up 29.26 seconds
[[0;32m  OK  [0m] Reached target Cloud-init target.

Ubuntu 16.04.3 LTS ubuntu-xenial ttyS0

ubuntu-xenial login: 